FILE_TYPE=LIBRARY_PARTS;
PRIMITIVE 'MF_MSMF150_24X_2','MF_MSMF150_24X_2_Fuses Chip';
  PIN
    '1':
      PIN_NUMBER='(1)';
      NO_LOAD_CHECK=BOTH;
      NO_IO_CHECK=BOTH;
      ALLOW_CONNECT=TRUE;
      PINUSE='UNSPEC';
    '2':
      PIN_NUMBER='(2)';
      NO_LOAD_CHECK=BOTH;
      NO_IO_CHECK=BOTH;
      ALLOW_CONNECT=TRUE;
      PINUSE='UNSPEC';
  END_PIN;
  BODY
    PART_NAME='MF_MSMF150_24X_2';
    PHYS_DES_PREFIX='F';
    NO_LOAD_CHECK='TRUE';
    PIN_COUNT='2';
    BODY_NAME='MF_MSMF150_24X_2';
    JEDEC_TYPE='FUSC4632X160N';
  END_BODY;
END_PRIMITIVE;
END.
